DEBUG:urllib3.connectionpool:Starting new HTTPS connection (1): www.boredapi.com:443
DEBUG:urllib3.connectionpool:Starting new HTTPS connection (1): www.boredapi.com:443
DEBUG:urllib3.connectionpool:Starting new HTTPS connection (1): www.boredapi.com:443
DEBUG:urllib3.connectionpool:Starting new HTTPS connection (1): www.boredapi.com:443
DEBUG:urllib3.connectionpool:Starting new HTTPS connection (1): www.boredapi.com:443
DEBUG:urllib3.connectionpool:https://www.boredapi.com:443 "GET /api/activity?type=diy HTTP/1.1" 200 122
DEBUG:urllib3.connectionpool:https://www.boredapi.com:443 "GET /api/activity?type=charity HTTP/1.1" 200 138
DEBUG:urllib3.connectionpool:https://www.boredapi.com:443 "GET /api/activity?type=cooking HTTP/1.1" 200 124
DEBUG:urllib3.connectionpool:https://www.boredapi.com:443 "GET /api/activity?type=social HTTP/1.1" 200 144
DEBUG:urllib3.connectionpool:https://www.boredapi.com:443 "GET /api/activity?type=recreational HTTP/1.1" 200 124
INFO:root:([{'Server': 'Cowboy', 'Connection': 'keep-alive', 'X-Powered-By': 'Express', 'Access-Control-Allow-Origin': '*', 'Access-Control-Allow-Headers': 'Origin, X-Requested-With, Content-Type, Accept', 'Content-Type': 'application/json; charset=utf-8', 'Content-Length': '122', 'Etag': 'W/"7a-3tdRv4oLtzU129McUueH4g/34pA"', 'Date': 'Fri, 18 Nov 2022 04:09:00 GMT', 'Via': '1.1 vegur'}, {'Server': 'Cowboy', 'Connection': 'keep-alive', 'X-Powered-By': 'Express', 'Access-Control-Allow-Origin': '*', 'Access-Control-Allow-Headers': 'Origin, X-Requested-With, Content-Type, Accept', 'Content-Type': 'application/json; charset=utf-8', 'Content-Length': '124', 'Etag': 'W/"7c-GenC7I3LuHv1F2xlUu+/TbnTvZY"', 'Date': 'Fri, 18 Nov 2022 04:09:00 GMT', 'Via': '1.1 vegur'}, {'Server': 'Cowboy', 'Connection': 'keep-alive', 'X-Powered-By': 'Express', 'Access-Control-Allow-Origin': '*', 'Access-Control-Allow-Headers': 'Origin, X-Requested-With, Content-Type, Accept', 'Content-Type': 'application/json; charset=utf-8', 'Content-Length': '138', 'Etag': 'W/"8a-6jL3SzqFCUKE4MzCS70Lpspc+0o"', 'Date': 'Fri, 18 Nov 2022 04:09:00 GMT', 'Via': '1.1 vegur'}, {'Server': 'Cowboy', 'Connection': 'keep-alive', 'X-Powered-By': 'Express', 'Access-Control-Allow-Origin': '*', 'Access-Control-Allow-Headers': 'Origin, X-Requested-With, Content-Type, Accept', 'Content-Type': 'application/json; charset=utf-8', 'Content-Length': '124', 'Etag': 'W/"7c-cOMTa1cyHNpBb9A6nwmCKKUkyTw"', 'Date': 'Fri, 18 Nov 2022 04:09:00 GMT', 'Via': '1.1 vegur'}, {'Server': 'Cowboy', 'Connection': 'keep-alive', 'X-Powered-By': 'Express', 'Access-Control-Allow-Origin': '*', 'Access-Control-Allow-Headers': 'Origin, X-Requested-With, Content-Type, Accept', 'Content-Type': 'application/json; charset=utf-8', 'Content-Length': '144', 'Etag': 'W/"90-lSOUBADRa74y88e9d5lmCRvdtgY"', 'Date': 'Fri, 18 Nov 2022 04:09:00 GMT', 'Via': '1.1 vegur'}], [{'activity': 'Make tie dye shirts', 'type': 'diy', 'participants': 1, 'price': 0.2, 'link': '', 'key': '8092359', 'accessibility': 0.2, 'value': -67, 'timestamp': '2022-11-17T22:06:47.202105'}, {'activity': 'Plant a tree', 'type': 'recreational', 'participants': 1, 'price': 0.3, 'link': '', 'key': '1942393', 'accessibility': 0.3, 'value': -23, 'timestamp': '2022-11-17T22:06:47.217765'}, {'activity': 'Volunteer at your local food bank', 'type': 'charity', 'participants': 1, 'price': 0, 'link': '', 'key': '2055368', 'accessibility': 0.1, 'value': 83, 'timestamp': '2022-11-17T22:06:47.202105'}, {'activity': 'Learn a new recipe', 'type': 'cooking', 'participants': 1, 'price': 0, 'link': '', 'key': '6553978', 'accessibility': 0.05, 'value': -70, 'timestamp': '2022-11-17T22:06:47.202105'}, {'activity': 'Write a handwritten letter to somebody', 'type': 'social', 'participants': 1, 'price': 0.1, 'link': '', 'key': '2277801', 'accessibility': 0.8, 'value': -38, 'timestamp': '2022-11-17T22:06:47.202105'}], '0.609411s', 5)
DEBUG:urllib3.connectionpool:Starting new HTTPS connection (1): www.boredapi.com:443
DEBUG:urllib3.connectionpool:Starting new HTTPS connection (1): www.boredapi.com:443
DEBUG:urllib3.connectionpool:Starting new HTTPS connection (1): www.boredapi.com:443
DEBUG:urllib3.connectionpool:Starting new HTTPS connection (1): www.boredapi.com:443
DEBUG:urllib3.connectionpool:Starting new HTTPS connection (1): www.boredapi.com:443
DEBUG:urllib3.connectionpool:https://www.boredapi.com:443 "GET /api/activity?type=busywork HTTP/1.1" 200 124
DEBUG:urllib3.connectionpool:https://www.boredapi.com:443 "GET /api/activity?type=recreational HTTP/1.1" 200 141
DEBUG:urllib3.connectionpool:https://www.boredapi.com:443 "GET /api/activity?type=diy HTTP/1.1" 200 122
DEBUG:urllib3.connectionpool:https://www.boredapi.com:443 "GET /api/activity?type=charity HTTP/1.1" 200 146
DEBUG:urllib3.connectionpool:https://www.boredapi.com:443 "GET /api/activity?type=music HTTP/1.1" 200 113
